<?xml version="1.0" encoding="UTF-8"?>
<testng-results ignored="0" total="0" passed="0" failed="0" skipped="0">
  <reporter-output>
  </reporter-output>
  <suite started-at="2022-08-05T12:07:57 GMT+01:00" name="com.e2etests.automation.RunWebSuiteTest" finished-at="2022-08-05T12:07:57 GMT+01:00" duration-ms="70">
    <groups>
    </groups>
    <test started-at="2022-08-05T12:07:57 GMT+01:00" name="Command line test" finished-at="2022-08-05T12:07:57 GMT+01:00" duration-ms="70">
    </test> <!-- Command line test -->
  </suite> <!-- com.e2etests.automation.RunWebSuiteTest -->
</testng-results>
